<?xml version="1.0" encoding="UTF-8"?>
<!-- Generated by org.testng.reporters.JUnitReportReporter -->
<testsuite hostname="LAPTOP-J6JSJEKO" failures="0" tests="1" name="cart.practicevegcart" time="41.989" errors="0" timestamp="2021-08-19T21:28:38 IST" skipped="0">
  <testcase classname="cart.practicevegcart" name="get" time="41.989"/>
  <system-out/>
</testsuite> <!-- cart.practicevegcart -->
