<?xml version="1.0" encoding="UTF-8"?>
<!-- Generated by org.testng.reporters.JUnitReportReporter -->
<testsuite hostname="LAPTOP-J6JSJEKO" failures="0" tests="1" name="cart.testproductselection" time="2.779" errors="0" timestamp="2021-08-20T23:38:13 IST" skipped="0">
  <testcase classname="cart.testproductselection" name="test_add" time="2.779"/>
  <system-out/>
</testsuite> <!-- cart.testproductselection -->
