<?xml version="1.0" encoding="UTF-8"?>
<!-- Generated by org.testng.reporters.JUnitReportReporter -->
<testsuite hostname="LAPTOP-J6JSJEKO" failures="0" tests="1" name="cart.test_confirmation" time="17.645" errors="0" timestamp="2021-08-21T16:53:28 IST" skipped="0">
  <testcase classname="cart.test_confirmation" name="test_submission" time="17.645"/>
  <system-out/>
</testsuite> <!-- cart.test_confirmation -->
