<?xml version="1.0" encoding="UTF-8"?>
<!-- Generated by org.testng.reporters.JUnitReportReporter -->
<testsuite hostname="LAPTOP-J6JSJEKO" failures="0" tests="1" name="cart.testproductselection" time="10.084" errors="0" timestamp="2021-08-21T16:53:28 IST" skipped="0">
  <testcase classname="cart.testproductselection" name="test_add" time="10.084"/>
  <system-out/>
</testsuite> <!-- cart.testproductselection -->
