<?xml version="1.0" encoding="UTF-8"?>
<!-- Generated by org.testng.reporters.JUnitReportReporter -->
<testsuite hostname="LAPTOP-J6JSJEKO" failures="0" tests="1" name="cart.test_values" time="27.303" errors="0" timestamp="2021-08-21T17:08:41 IST" skipped="0">
  <testcase classname="cart.test_values" name="validatevegselection" time="27.303"/>
  <system-out/>
</testsuite> <!-- cart.test_values -->
